<?xml version="1.0" encoding="UTF-8"?>
<!-- Generated by org.testng.reporters.JUnitXMLReporter -->
<testsuite ignored="7" hostname="Satikants-MacBook-Air.local" failures="0" tests="1" name="Default test" time="20.525" errors="0" timestamp="2023-03-02T17:54:20 IST">
  <testcase classname="testRunsAndroid.InitiateAndConfirmWalletTest" name="verifyMobileNumber" time="20.487"/>
  <testcase classname="testRunsAndroid.InitiateAndConfirmWalletTest" name="verifyInitiateWalletBackButton" time="0.0">
    <ignored/>
  </testcase> <!-- verifyInitiateWalletBackButton -->
  <testcase classname="testRunsAndroid.InitiateAndConfirmWalletTest" name="verifySuccessfulPushBasedWalletPayment" time="0.0">
    <ignored/>
  </testcase> <!-- verifySuccessfulPushBasedWalletPayment -->
  <testcase classname="testRunsAndroid.InitiateAndConfirmWalletTest" name="verifyConfirmWalletScreenElements_PushBased" time="0.0">
    <ignored/>
  </testcase> <!-- verifyConfirmWalletScreenElements_PushBased -->
  <testcase classname="testRunsAndroid.InitiateAndConfirmWalletTest" name="verifyReferenceId" time="0.0">
    <ignored/>
  </testcase> <!-- verifyReferenceId -->
  <testcase classname="testRunsAndroid.InitiateAndConfirmWalletTest" name="verifySuccessfulReferenceBasedWalletPayment" time="0.0">
    <ignored/>
  </testcase> <!-- verifySuccessfulReferenceBasedWalletPayment -->
  <testcase classname="testRunsAndroid.InitiateAndConfirmWalletTest" name="verifyConfirmWalletScreenElements_ReferenceBased" time="0.0">
    <ignored/>
  </testcase> <!-- verifyConfirmWalletScreenElements_ReferenceBased -->
  <testcase classname="testRunsAndroid.InitiateAndConfirmWalletTest" name="verifyInvalidMobileNumberError" time="0.0">
    <ignored/>
  </testcase> <!-- verifyInvalidMobileNumberError -->
</testsuite> <!-- Default test -->
