<?xml version="1.0" encoding="UTF-8"?>
<!-- Generated by org.testng.reporters.JUnitXMLReporter -->
<testsuite ignored="2" hostname="Satikants-MacBook-Air.local" failures="0" tests="42" name="TestNGPayPlus" time="3278.29" errors="0" timestamp="2023-02-21T19:10:21 IST">
  <testcase classname="testRunsiOS.CardTest" name="verifyCardSaveScreenLaunch" time="28.045"/>
  <testcase classname="testRunsiOS.CardTest" name="verifyAddSuccessfulCardPaymentVisa" time="141.291"/>
  <testcase classname="testRunsiOS.CardTest" name="verifyEmptycardNumber" time="134.997"/>
  <testcase classname="testRunsiOS.CardTest" name="verifyInvalidcardNumber" time="135.687"/>
  <testcase classname="testRunsiOS.CardTest" name="verifyEmptyExpiryDate" time="136.432"/>
  <testcase classname="testRunsiOS.CardTest" name="verifyInvalidExpiryDate" time="136.135"/>
  <testcase classname="testRunsiOS.CardTest" name="verifyEmptyCVV" time="136.014"/>
  <testcase classname="testRunsiOS.CardTest" name="verifyJCBcard" time="138.781"/>
  <testcase classname="testRunsiOS.CardTest" name="verifyTransaction_SavedCard" time="36.489"/>
  <testcase classname="testRunsiOS.CardTest" name="verifyAddInvalidcard_changepayment_Walletsuccesspayment" time="153.481"/>
  <testcase classname="testRunsiOS.CardTest" name="verifyAddInvalidcard_Retry_Validcardsuccesspayment" time="153.428"/>
  <testcase classname="testRunsiOS.CardTest" name="verifyUniqueOrderId_Retry_transaction" time="155.768"/>
  <testcase classname="testRunsiOS.CardTest" name="verify_Cancel_DeleteCard" time="31.594"/>
  <testcase classname="testRunsiOS.CardTest" name="verify_DeleteCard" time="32.999"/>
  <testcase classname="testRunsiOS.CardTest" name="verify_CardonSave" time="159.681"/>
  <testcase classname="testRunsiOS.HomescreenTest" name="verifyiOSHomeScreenElements" time="32.587"/>
  <testcase classname="testRunsiOS.HomescreenTest" name="verifyHomeScreenElements_FreeTrial" time="32.484"/>
  <testcase classname="testRunsiOS.HomescreenTest" name="verifyHomeScreenElements_RecurringPayment" time="32.334"/>
  <testcase classname="testRunsiOS.NetbankingTest" name="verifyBankPaymentScreen" time="23.816"/>
  <testcase classname="testRunsiOS.NetbankingTest" name="verifyBankPaymentBackredirection" time="27.245"/>
  <testcase classname="testRunsiOS.NetbankingTest" name="verifySuccessfulPaymentBankPayment" time="31.523"/>
  <testcase classname="testRunsiOS.NetbankingTest" name="verifyOrderID" time="24.181"/>
  <testcase classname="testRunsiOS.NetbankingTest" name="verifyPayableAmount" time="24.072"/>
  <testcase classname="testRunsiOS.NetbankingTest" name="orderidrefreshNetbank" time="24.699"/>
  <testcase classname="testRunsiOS.WalletTest" name="walletSuccessFlow" time="36.203"/>
  <testcase classname="testRunsiOS.WalletTest" name="verifyreferenceIDinWallet" time="35.25"/>
  <testcase classname="testRunsiOS.WalletTest" name="verifyOrderID" time="33.856"/>
  <testcase classname="testRunsiOS.WalletTest" name="verifyPayableAmount" time="44.638"/>
  <testcase classname="testRunsiOS.WalletTest" name="verifyInvalidMSISDN" time="37.099"/>
  <testcase classname="testRunsiOS.WalletTest" name="verifyEmptyMSISDN" time="35.28"/>
  <testcase classname="testRunsiOS.WalletTest" name="verifyOrderIdrefreshOnRedirectBack" time="35.255"/>
  <testcase classname="testRunsiOS.EMITest" name="verifyPresenseOfEMI" time="24.855"/>
  <testcase classname="testRunsiOS.EMITest" name="verifyAddanotherCard_EMIPayment" time="436.873"/>
  <testcase classname="testRunsiOS.EMITest" name="savedcard_non3DSEMIpayment" time="34.498"/>
  <testcase classname="testRunsiOS.EMITest" name="viewAllEMIPlans_Savedcard" time="29.184"/>
  <testcase classname="testRunsiOS.EMITest" name="viewAllEMIPlans_Addcard" time="30.204"/>
  <testcase classname="testRunsiOS.EMITest" name="savedcard_non3DS_ConsecutivePayment" time="61.907"/>
  <testcase classname="testRunsiOS.ThreeDSecureTest" name="ThreeDS_verifySuccessful_Card" time="42.48"/>
  <testcase classname="testRunsiOS.ThreeDSecureTest" name="ThreeDS_verifySuccessful_EMI" time="44.314"/>
  <testcase classname="testRunsiOS.ThreeDSecureTest" name="ThreeDS_verifydisabledSubmitBtn_InvalidOTP" time="38.208"/>
  <testcase classname="testRunsiOS.ThreeDSecureTest" name="ThreeDS_verifyCancelAndRetry_3dSecure" time="259.257"/>
  <testcase classname="testRunsiOS.ThreeDSecureTest" name="ThreeDS_verifyCancelAndChangePayment" time="54.792"/>
  <testcase classname="testRunsiOS.ThreeDSecureTest" name="ThreeDS_verifyTimeoutCancelTransaction" time="0.0">
    <ignored/>
  </testcase> <!-- ThreeDS_verifyTimeoutCancelTransaction -->
  <testcase classname="testRunsiOS.EMITest" name="verifyDisbaledSavedCreditCard" time="0.0">
    <ignored/>
  </testcase> <!-- verifyDisbaledSavedCreditCard -->
</testsuite> <!-- TestNGPayPlus -->
