<?xml version="1.0" encoding="UTF-8"?>
<testng-results ignored="7" total="8" passed="1" failed="0" skipped="0">
  <reporter-output>
  </reporter-output>
  <suite started-at="2023-03-02T17:53:55 IST" name="Default suite" finished-at="2023-03-02T17:54:15 IST" duration-ms="20525">
    <groups>
    </groups>
    <test started-at="2023-03-02T17:53:55 IST" name="Default test" finished-at="2023-03-02T17:54:15 IST" duration-ms="20525">
      <class name="testRunsAndroid.InitiateAndConfirmWalletTest">
        <test-method signature="verifyMobileNumber()[pri:1, instance:testRunsAndroid.InitiateAndConfirmWalletTest@8f2ef19]" started-at="2023-03-02T17:53:55 IST" name="verifyMobileNumber" finished-at="2023-03-02T17:54:15 IST" duration-ms="20487" status="PASS">
          <reporter-output>
          </reporter-output>
        </test-method> <!-- verifyMobileNumber -->
      </class> <!-- testRunsAndroid.InitiateAndConfirmWalletTest -->
    </test> <!-- Default test -->
  </suite> <!-- Default suite -->
</testng-results>
